Performing C SOURCE FILE Test CMAKE_HAVE_LIBC_PTHREAD failed with the following output:
Change Dir: /home/orangepi/Downloads/httpcopy/build/CMakeFiles/CMakeTmp

Run Build Command(s):/usr/bin/make cmTC_54e3e/fast && /usr/bin/make -f CMakeFiles/cmTC_54e3e.dir/build.make CMakeFiles/cmTC_54e3e.dir/build
make[1]: 进入目录“/home/orangepi/Downloads/httpcopy/build/CMakeFiles/CMakeTmp”
Building C object CMakeFiles/cmTC_54e3e.dir/src.c.o
/usr/lib/ccache/cc   -DCMAKE_HAVE_LIBC_PTHREAD   -o CMakeFiles/cmTC_54e3e.dir/src.c.o   -c /home/orangepi/Downloads/httpcopy/build/CMakeFiles/CMakeTmp/src.c
Linking C executable cmTC_54e3e
/usr/bin/cmake -E cmake_link_script CMakeFiles/cmTC_54e3e.dir/link.txt --verbose=1
/usr/lib/ccache/cc  -DCMAKE_HAVE_LIBC_PTHREAD    CMakeFiles/cmTC_54e3e.dir/src.c.o  -o cmTC_54e3e 
/usr/bin/ld: CMakeFiles/cmTC_54e3e.dir/src.c.o: in function `main':
src.c:(.text+0x48): undefined reference to `pthread_create'
/usr/bin/ld: src.c:(.text+0x50): undefined reference to `pthread_detach'
/usr/bin/ld: src.c:(.text+0x5c): undefined reference to `pthread_join'
collect2: error: ld returned 1 exit status
make[1]: *** [CMakeFiles/cmTC_54e3e.dir/build.make:87：cmTC_54e3e] 错误 1
make[1]: 离开目录“/home/orangepi/Downloads/httpcopy/build/CMakeFiles/CMakeTmp”
make: *** [Makefile:121：cmTC_54e3e/fast] 错误 2


Source file was:
#include <pthread.h>

void* test_func(void* data)
{
  return data;
}

int main(void)
{
  pthread_t thread;
  pthread_create(&thread, NULL, test_func, NULL);
  pthread_detach(thread);
  pthread_join(thread, NULL);
  pthread_atfork(NULL, NULL, NULL);
  pthread_exit(NULL);

  return 0;
}

Determining if the function pthread_create exists in the pthreads failed with the following output:
Change Dir: /home/orangepi/Downloads/httpcopy/build/CMakeFiles/CMakeTmp

Run Build Command(s):/usr/bin/make cmTC_09198/fast && /usr/bin/make -f CMakeFiles/cmTC_09198.dir/build.make CMakeFiles/cmTC_09198.dir/build
make[1]: 进入目录“/home/orangepi/Downloads/httpcopy/build/CMakeFiles/CMakeTmp”
Building C object CMakeFiles/cmTC_09198.dir/CheckFunctionExists.c.o
/usr/lib/ccache/cc   -DCHECK_FUNCTION_EXISTS=pthread_create   -o CMakeFiles/cmTC_09198.dir/CheckFunctionExists.c.o   -c /usr/share/cmake-3.16/Modules/CheckFunctionExists.c
Linking C executable cmTC_09198
/usr/bin/cmake -E cmake_link_script CMakeFiles/cmTC_09198.dir/link.txt --verbose=1
/usr/lib/ccache/cc  -DCHECK_FUNCTION_EXISTS=pthread_create    CMakeFiles/cmTC_09198.dir/CheckFunctionExists.c.o  -o cmTC_09198  -lpthreads 
/usr/bin/ld: 找不到 -lpthreads
collect2: error: ld returned 1 exit status
make[1]: *** [CMakeFiles/cmTC_09198.dir/build.make:87：cmTC_09198] 错误 1
make[1]: 离开目录“/home/orangepi/Downloads/httpcopy/build/CMakeFiles/CMakeTmp”
make: *** [Makefile:121：cmTC_09198/fast] 错误 2



